This file contains any messages produced by compilers while
running configure, to aid debugging if configure makes a mistake.

It was created by Capn Proto configure 0.2-dev, which was
generated by GNU Autoconf 2.69.  Invocation command line was

  $ ./configure 

## --------- ##
## Platform. ##
## --------- ##

hostname = alek
uname -m = x86_64
uname -r = 3.5.0-17-generic
uname -s = Linux
uname -v = #28-Ubuntu SMP Tue Oct 9 19:31:23 UTC 2012

/usr/bin/uname -p = unknown
/bin/uname -X     = unknown

/bin/arch              = unknown
/usr/bin/arch -k       = unknown
/usr/convex/getsysinfo = unknown
/usr/bin/hostinfo      = unknown
/bin/machine           = unknown
/usr/bin/oslevel       = unknown
/bin/universe          = unknown

PATH: /home/alek/bin
PATH: /home/alek/bin
PATH: /usr/local/sbin
PATH: /usr/local/bin
PATH: /usr/sbin
PATH: /usr/bin
PATH: /sbin
PATH: /bin
PATH: /usr/games
PATH: /usr/local/games
PATH: ~/.cabal/bin


## ----------- ##
## Core tests. ##
## ----------- ##

configure:2312: checking for a BSD-compatible install
configure:2380: result: /usr/bin/install -c
configure:2391: checking whether build environment is sane
configure:2441: result: yes
configure:2582: checking for a thread-safe mkdir -p
configure:2621: result: /bin/mkdir -p
configure:2634: checking for gawk
configure:2664: result: no
configure:2634: checking for mawk
configure:2650: found /usr/bin/mawk
configure:2661: result: mawk
configure:2672: checking whether make sets $(MAKE)
configure:2694: result: yes
configure:2824: checking for gcc
configure:2840: found /usr/bin/gcc
configure:2851: result: gcc
configure:3080: checking for C compiler version
configure:3089: gcc --version >&5
gcc (Ubuntu/Linaro 4.7.2-2ubuntu1) 4.7.2
Copyright (C) 2012 Free Software Foundation, Inc.
This is free software; see the source for copying conditions.  There is NO
warranty; not even for MERCHANTABILITY or FITNESS FOR A PARTICULAR PURPOSE.

configure:3100: $? = 0
configure:3089: gcc -v >&5
Using built-in specs.
COLLECT_GCC=gcc
COLLECT_LTO_WRAPPER=/usr/lib/gcc/x86_64-linux-gnu/4.7/lto-wrapper
Target: x86_64-linux-gnu
Configured with: ../src/configure -v --with-pkgversion='Ubuntu/Linaro 4.7.2-2ubuntu1' --with-bugurl=file:///usr/share/doc/gcc-4.7/README.Bugs --enable-languages=c,c++,go,fortran,objc,obj-c++ --prefix=/usr --program-suffix=-4.7 --enable-shared --enable-linker-build-id --with-system-zlib --libexecdir=/usr/lib --without-included-gettext --enable-threads=posix --with-gxx-include-dir=/usr/include/c++/4.7 --libdir=/usr/lib --enable-nls --with-sysroot=/ --enable-clocale=gnu --enable-libstdcxx-debug --enable-libstdcxx-time=yes --enable-gnu-unique-object --enable-plugin --enable-objc-gc --disable-werror --with-arch-32=i686 --with-tune=generic --enable-checking=release --build=x86_64-linux-gnu --host=x86_64-linux-gnu --target=x86_64-linux-gnu
Thread model: posix
gcc version 4.7.2 (Ubuntu/Linaro 4.7.2-2ubuntu1) 
configure:3100: $? = 0
configure:3089: gcc -V >&5
gcc: error: unrecognized command line option '-V'
gcc: fatal error: no input files
compilation terminated.
configure:3100: $? = 4
configure:3089: gcc -qversion >&5
gcc: error: unrecognized command line option '-qversion'
gcc: fatal error: no input files
compilation terminated.
configure:3100: $? = 4
configure:3120: checking whether the C compiler works
configure:3142: gcc -O2 -DNDEBUG   conftest.c  >&5
configure:3146: $? = 0
configure:3194: result: yes
configure:3197: checking for C compiler default output file name
configure:3199: result: a.out
configure:3205: checking for suffix of executables
configure:3212: gcc -o conftest -O2 -DNDEBUG   conftest.c  >&5
configure:3216: $? = 0
configure:3238: result: 
configure:3260: checking whether we are cross compiling
configure:3268: gcc -o conftest -O2 -DNDEBUG   conftest.c  >&5
configure:3272: $? = 0
configure:3279: ./conftest
configure:3283: $? = 0
configure:3298: result: no
configure:3303: checking for suffix of object files
configure:3325: gcc -c -O2 -DNDEBUG  conftest.c >&5
configure:3329: $? = 0
configure:3350: result: o
configure:3354: checking whether we are using the GNU C compiler
configure:3373: gcc -c -O2 -DNDEBUG  conftest.c >&5
configure:3373: $? = 0
configure:3382: result: yes
configure:3391: checking whether gcc accepts -g
configure:3411: gcc -c -g  conftest.c >&5
configure:3411: $? = 0
configure:3452: result: yes
configure:3469: checking for gcc option to accept ISO C89
configure:3532: gcc  -c -O2 -DNDEBUG  conftest.c >&5
configure:3532: $? = 0
configure:3545: result: none needed
configure:3576: checking for style of include used by make
configure:3604: result: GNU
configure:3630: checking dependency style of gcc
configure:3741: result: gcc3
configure:3814: checking for g++
configure:3830: found /usr/bin/g++
configure:3841: result: g++
configure:3868: checking for C++ compiler version
configure:3877: g++ --version >&5
g++ (Ubuntu/Linaro 4.7.2-2ubuntu1) 4.7.2
Copyright (C) 2012 Free Software Foundation, Inc.
This is free software; see the source for copying conditions.  There is NO
warranty; not even for MERCHANTABILITY or FITNESS FOR A PARTICULAR PURPOSE.

configure:3888: $? = 0
configure:3877: g++ -v >&5
Using built-in specs.
COLLECT_GCC=g++
COLLECT_LTO_WRAPPER=/usr/lib/gcc/x86_64-linux-gnu/4.7/lto-wrapper
Target: x86_64-linux-gnu
Configured with: ../src/configure -v --with-pkgversion='Ubuntu/Linaro 4.7.2-2ubuntu1' --with-bugurl=file:///usr/share/doc/gcc-4.7/README.Bugs --enable-languages=c,c++,go,fortran,objc,obj-c++ --prefix=/usr --program-suffix=-4.7 --enable-shared --enable-linker-build-id --with-system-zlib --libexecdir=/usr/lib --without-included-gettext --enable-threads=posix --with-gxx-include-dir=/usr/include/c++/4.7 --libdir=/usr/lib --enable-nls --with-sysroot=/ --enable-clocale=gnu --enable-libstdcxx-debug --enable-libstdcxx-time=yes --enable-gnu-unique-object --enable-plugin --enable-objc-gc --disable-werror --with-arch-32=i686 --with-tune=generic --enable-checking=release --build=x86_64-linux-gnu --host=x86_64-linux-gnu --target=x86_64-linux-gnu
Thread model: posix
gcc version 4.7.2 (Ubuntu/Linaro 4.7.2-2ubuntu1) 
configure:3888: $? = 0
configure:3877: g++ -V >&5
g++: error: unrecognized command line option '-V'
g++: fatal error: no input files
compilation terminated.
configure:3888: $? = 4
configure:3877: g++ -qversion >&5
g++: error: unrecognized command line option '-qversion'
g++: fatal error: no input files
compilation terminated.
configure:3888: $? = 4
configure:3892: checking whether we are using the GNU C++ compiler
configure:3911: g++ -c -O2 -DNDEBUG  conftest.cpp >&5
configure:3911: $? = 0
configure:3920: result: yes
configure:3929: checking whether g++ accepts -g
configure:3949: g++ -c -g  conftest.cpp >&5
configure:3949: $? = 0
configure:3990: result: yes
configure:4015: checking dependency style of g++
configure:4126: result: gcc3
configure:4149: checking whether g++ supports C++11 features by default
configure:4173: g++ -c -O2 -DNDEBUG  conftest.cpp >&5
conftest.cpp:15:21: error: expected identifier before 'sizeof'
conftest.cpp:15:21: error: expected ',' or '...' before 'sizeof'
conftest.cpp:15:63: error: ISO C++ forbids declaration of 'static_assert' with no type [-fpermissive]
conftest.cpp:18:29: error: '>>' should be '> >' within a nested template argument list
conftest.cpp:21:13: error: expected constructor, destructor, or type conversion before '(' token
conftest.cpp:25:15: error: expected unqualified-id before '&&' token
configure:4173: $? = 1
configure: failed program was:
| /* confdefs.h */
| #define PACKAGE_NAME "Capn Proto"
| #define PACKAGE_TARNAME "capnproto-c++"
| #define PACKAGE_VERSION "0.2-dev"
| #define PACKAGE_STRING "Capn Proto 0.2-dev"
| #define PACKAGE_BUGREPORT "capnproto@googlegroups.com"
| #define PACKAGE_URL ""
| #define PACKAGE "capnproto-c++"
| #define VERSION "0.2-dev"
| /* end confdefs.h.  */
| 
|   template <typename T>
|     struct check
|     {
|       static_assert(sizeof(int) <= sizeof(T), "not big enough");
|     };
| 
|     typedef check<check<bool>> right_angle_brackets;
| 
|     int a;
|     decltype(a) b;
| 
|     typedef check<int> check_type;
|     check_type c;
|     check_type&& cr = static_cast<check_type&&>(c);
| 
configure:4180: result: no
configure:4191: checking whether g++ supports C++11 features with -std=c++11
configure:4217: g++ -std=c++11 -c -O2 -DNDEBUG  conftest.cpp >&5
configure:4217: $? = 0
configure:4226: result: yes
configure:4240: checking whether g++ -std=c++11 supports C++11 library features by default
configure:4254: g++ -std=c++11 -c -O2 -DNDEBUG  conftest.cpp >&5
configure:4254: $? = 0
configure:4262: result: yes
configure:4310: checking build system type
configure:4324: result: x86_64-unknown-linux-gnu
configure:4344: checking host system type
configure:4357: result: x86_64-unknown-linux-gnu
configure:4543: checking for the pthreads library -lpthreads
configure:4576: gcc -o conftest -O2 -DNDEBUG    conftest.c -lpthreads  >&5
/usr/bin/ld: cannot find -lpthreads
collect2: error: ld returned 1 exit status
configure:4576: $? = 1
configure: failed program was:
| /* confdefs.h */
| #define PACKAGE_NAME "Capn Proto"
| #define PACKAGE_TARNAME "capnproto-c++"
| #define PACKAGE_VERSION "0.2-dev"
| #define PACKAGE_STRING "Capn Proto 0.2-dev"
| #define PACKAGE_BUGREPORT "capnproto@googlegroups.com"
| #define PACKAGE_URL ""
| #define PACKAGE "capnproto-c++"
| #define VERSION "0.2-dev"
| /* end confdefs.h.  */
| #include <pthread.h>
| int
| main ()
| {
| pthread_t th; pthread_join(th, 0);
|                      pthread_attr_init(0); pthread_cleanup_push(0, 0);
|                      pthread_create(0,0,0,0); pthread_cleanup_pop(0);
|   ;
|   return 0;
| }
configure:4585: result: no
configure:4488: checking whether pthreads work without any flags
configure:4576: gcc -o conftest -O2 -DNDEBUG    conftest.c   >&5
/tmp/ccGNCZtf.o: In function `main':
conftest.c:(.text.startup+0x9): undefined reference to `pthread_join'
conftest.c:(.text.startup+0x26): undefined reference to `__pthread_register_cancel'
conftest.c:(.text.startup+0x33): undefined reference to `pthread_create'
conftest.c:(.text.startup+0x3b): undefined reference to `__pthread_unregister_cancel'
collect2: error: ld returned 1 exit status
configure:4576: $? = 1
configure: failed program was:
| /* confdefs.h */
| #define PACKAGE_NAME "Capn Proto"
| #define PACKAGE_TARNAME "capnproto-c++"
| #define PACKAGE_VERSION "0.2-dev"
| #define PACKAGE_STRING "Capn Proto 0.2-dev"
| #define PACKAGE_BUGREPORT "capnproto@googlegroups.com"
| #define PACKAGE_URL ""
| #define PACKAGE "capnproto-c++"
| #define VERSION "0.2-dev"
| /* end confdefs.h.  */
| #include <pthread.h>
| int
| main ()
| {
| pthread_t th; pthread_join(th, 0);
|                      pthread_attr_init(0); pthread_cleanup_push(0, 0);
|                      pthread_create(0,0,0,0); pthread_cleanup_pop(0);
|   ;
|   return 0;
| }
configure:4585: result: no
configure:4493: checking whether pthreads work with -Kthread
configure:4576: gcc -o conftest -O2 -DNDEBUG -Kthread   conftest.c   >&5
gcc: error: unrecognized command line option '-Kthread'
configure:4576: $? = 1
configure: failed program was:
| /* confdefs.h */
| #define PACKAGE_NAME "Capn Proto"
| #define PACKAGE_TARNAME "capnproto-c++"
| #define PACKAGE_VERSION "0.2-dev"
| #define PACKAGE_STRING "Capn Proto 0.2-dev"
| #define PACKAGE_BUGREPORT "capnproto@googlegroups.com"
| #define PACKAGE_URL ""
| #define PACKAGE "capnproto-c++"
| #define VERSION "0.2-dev"
| /* end confdefs.h.  */
| #include <pthread.h>
| int
| main ()
| {
| pthread_t th; pthread_join(th, 0);
|                      pthread_attr_init(0); pthread_cleanup_push(0, 0);
|                      pthread_create(0,0,0,0); pthread_cleanup_pop(0);
|   ;
|   return 0;
| }
configure:4585: result: no
configure:4493: checking whether pthreads work with -kthread
configure:4576: gcc -o conftest -O2 -DNDEBUG -kthread   conftest.c   >&5
gcc: error: unrecognized command line option '-kthread'
configure:4576: $? = 1
configure: failed program was:
| /* confdefs.h */
| #define PACKAGE_NAME "Capn Proto"
| #define PACKAGE_TARNAME "capnproto-c++"
| #define PACKAGE_VERSION "0.2-dev"
| #define PACKAGE_STRING "Capn Proto 0.2-dev"
| #define PACKAGE_BUGREPORT "capnproto@googlegroups.com"
| #define PACKAGE_URL ""
| #define PACKAGE "capnproto-c++"
| #define VERSION "0.2-dev"
| /* end confdefs.h.  */
| #include <pthread.h>
| int
| main ()
| {
| pthread_t th; pthread_join(th, 0);
|                      pthread_attr_init(0); pthread_cleanup_push(0, 0);
|                      pthread_create(0,0,0,0); pthread_cleanup_pop(0);
|   ;
|   return 0;
| }
configure:4585: result: no
configure:4543: checking for the pthreads library -llthread
configure:4576: gcc -o conftest -O2 -DNDEBUG    conftest.c -llthread  >&5
/usr/bin/ld: cannot find -llthread
collect2: error: ld returned 1 exit status
configure:4576: $? = 1
configure: failed program was:
| /* confdefs.h */
| #define PACKAGE_NAME "Capn Proto"
| #define PACKAGE_TARNAME "capnproto-c++"
| #define PACKAGE_VERSION "0.2-dev"
| #define PACKAGE_STRING "Capn Proto 0.2-dev"
| #define PACKAGE_BUGREPORT "capnproto@googlegroups.com"
| #define PACKAGE_URL ""
| #define PACKAGE "capnproto-c++"
| #define VERSION "0.2-dev"
| /* end confdefs.h.  */
| #include <pthread.h>
| int
| main ()
| {
| pthread_t th; pthread_join(th, 0);
|                      pthread_attr_init(0); pthread_cleanup_push(0, 0);
|                      pthread_create(0,0,0,0); pthread_cleanup_pop(0);
|   ;
|   return 0;
| }
configure:4585: result: no
configure:4493: checking whether pthreads work with -pthread
configure:4576: gcc -o conftest -O2 -DNDEBUG -pthread   conftest.c   >&5
configure:4576: $? = 0
configure:4585: result: yes
configure:4604: checking for joinable pthread attribute
configure:4619: gcc -o conftest -O2 -DNDEBUG -pthread   conftest.c   >&5
configure:4619: $? = 0
configure:4625: result: PTHREAD_CREATE_JOINABLE
configure:4635: checking if more special flags are required for pthreads
configure:4642: result: no
configure:4731: checking whether to check for GCC pthread/shared inconsistencies
configure:4744: gcc -o conftest -shared -fPIC -Wl,-z,defs -O2 -DNDEBUG -pthread   conftest.c   >&5
configure:4744: $? = 0
configure:4756: result: yes
configure:4762: checking whether -pthread is sufficient with -shared
configure:4777: gcc -o conftest -shared -fPIC -Wl,-z,defs -O2 -DNDEBUG -pthread   conftest.c   >&5
configure:4777: $? = 0
configure:4784: result: yes
configure:4946: checking how to print strings
configure:4973: result: printf
configure:4994: checking for a sed that does not truncate output
configure:5058: result: /bin/sed
configure:5076: checking for grep that handles long lines and -e
configure:5134: result: /bin/grep
configure:5139: checking for egrep
configure:5201: result: /bin/grep -E
configure:5206: checking for fgrep
configure:5268: result: /bin/grep -F
configure:5303: checking for ld used by gcc
configure:5370: result: /usr/bin/ld
configure:5377: checking if the linker (/usr/bin/ld) is GNU ld
configure:5392: result: yes
configure:5404: checking for BSD- or MS-compatible name lister (nm)
configure:5453: result: /usr/bin/nm -B
configure:5583: checking the name lister (/usr/bin/nm -B) interface
configure:5590: g++ -std=c++11 -c -O2 -DNDEBUG  conftest.cpp >&5
configure:5593: /usr/bin/nm -B "conftest.o"
configure:5596: output
0000000000000000 B some_variable
configure:5603: result: BSD nm
configure:5606: checking whether ln -s works
configure:5610: result: yes
configure:5618: checking the maximum length of command line arguments
configure:5748: result: 1572864
configure:5765: checking whether the shell understands some XSI constructs
configure:5775: result: yes
configure:5779: checking whether the shell understands "+="
configure:5785: result: yes
configure:5820: checking how to convert x86_64-unknown-linux-gnu file names to x86_64-unknown-linux-gnu format
configure:5860: result: func_convert_file_noop
configure:5867: checking how to convert x86_64-unknown-linux-gnu file names to toolchain format
configure:5887: result: func_convert_file_noop
configure:5894: checking for /usr/bin/ld option to reload object files
configure:5901: result: -r
configure:5975: checking for objdump
configure:5991: found /usr/bin/objdump
configure:6002: result: objdump
configure:6034: checking how to recognize dependent libraries
configure:6236: result: pass_all
configure:6321: checking for dlltool
configure:6351: result: no
configure:6381: checking how to associate runtime and link libraries
configure:6408: result: printf %s\n
configure:6468: checking for ar
configure:6484: found /usr/bin/ar
configure:6495: result: ar
configure:6532: checking for archiver @FILE support
configure:6549: g++ -std=c++11 -c -O2 -DNDEBUG  conftest.cpp >&5
configure:6549: $? = 0
configure:6552: ar cru libconftest.a @conftest.lst >&5
configure:6555: $? = 0
configure:6560: ar cru libconftest.a @conftest.lst >&5
ar: conftest.o: No such file or directory
configure:6563: $? = 1
configure:6575: result: @
configure:6633: checking for strip
configure:6649: found /usr/bin/strip
configure:6660: result: strip
configure:6732: checking for ranlib
configure:6748: found /usr/bin/ranlib
configure:6759: result: ranlib
configure:6861: checking command to parse /usr/bin/nm -B output from gcc object
configure:6981: g++ -std=c++11 -c -O2 -DNDEBUG  conftest.cpp >&5
configure:6984: $? = 0
configure:6988: /usr/bin/nm -B conftest.o \| sed -n -e 's/^.*[ ]\([ABCDGIRSTW][ABCDGIRSTW]*\)[ ][ ]*\([_A-Za-z][_A-Za-z0-9]*\)$/\1 \2 \2/p' | sed '/ __gnu_lto/d' \> conftest.nm
configure:6991: $? = 0
configure:7057: g++ -std=c++11 -o conftest -O2 -DNDEBUG   conftest.cpp conftstm.o >&5
configure:7060: $? = 0
configure:7098: result: ok
configure:7135: checking for sysroot
configure:7165: result: no
configure:7242: g++ -std=c++11 -c -O2 -DNDEBUG  conftest.cpp >&5
configure:7245: $? = 0
configure:7421: checking for mt
configure:7437: found /bin/mt
configure:7448: result: mt
configure:7471: checking if mt is a manifest tool
configure:7477: mt '-?'
configure:7485: result: no
configure:8127: checking how to run the C preprocessor
configure:8158: gcc -E  conftest.c
configure:8158: $? = 0
configure:8172: gcc -E  conftest.c
conftest.c:12:28: fatal error: ac_nonexistent.h: No such file or directory
compilation terminated.
configure:8172: $? = 1
configure: failed program was:
| /* confdefs.h */
| #define PACKAGE_NAME "Capn Proto"
| #define PACKAGE_TARNAME "capnproto-c++"
| #define PACKAGE_VERSION "0.2-dev"
| #define PACKAGE_STRING "Capn Proto 0.2-dev"
| #define PACKAGE_BUGREPORT "capnproto@googlegroups.com"
| #define PACKAGE_URL ""
| #define PACKAGE "capnproto-c++"
| #define VERSION "0.2-dev"
| #define HAVE_PTHREAD 1
| /* end confdefs.h.  */
| #include <ac_nonexistent.h>
configure:8197: result: gcc -E
configure:8217: gcc -E  conftest.c
configure:8217: $? = 0
configure:8231: gcc -E  conftest.c
conftest.c:12:28: fatal error: ac_nonexistent.h: No such file or directory
compilation terminated.
configure:8231: $? = 1
configure: failed program was:
| /* confdefs.h */
| #define PACKAGE_NAME "Capn Proto"
| #define PACKAGE_TARNAME "capnproto-c++"
| #define PACKAGE_VERSION "0.2-dev"
| #define PACKAGE_STRING "Capn Proto 0.2-dev"
| #define PACKAGE_BUGREPORT "capnproto@googlegroups.com"
| #define PACKAGE_URL ""
| #define PACKAGE "capnproto-c++"
| #define VERSION "0.2-dev"
| #define HAVE_PTHREAD 1
| /* end confdefs.h.  */
| #include <ac_nonexistent.h>
configure:8260: checking for ANSI C header files
configure:8280: gcc -c -O2 -DNDEBUG  conftest.c >&5
configure:8280: $? = 0
configure:8353: gcc -o conftest -O2 -DNDEBUG   conftest.c  >&5
configure:8353: $? = 0
configure:8353: ./conftest
configure:8353: $? = 0
configure:8364: result: yes
configure:8377: checking for sys/types.h
configure:8377: gcc -c -O2 -DNDEBUG  conftest.c >&5
configure:8377: $? = 0
configure:8377: result: yes
configure:8377: checking for sys/stat.h
configure:8377: gcc -c -O2 -DNDEBUG  conftest.c >&5
configure:8377: $? = 0
configure:8377: result: yes
configure:8377: checking for stdlib.h
configure:8377: gcc -c -O2 -DNDEBUG  conftest.c >&5
configure:8377: $? = 0
configure:8377: result: yes
configure:8377: checking for string.h
configure:8377: gcc -c -O2 -DNDEBUG  conftest.c >&5
configure:8377: $? = 0
configure:8377: result: yes
configure:8377: checking for memory.h
configure:8377: gcc -c -O2 -DNDEBUG  conftest.c >&5
configure:8377: $? = 0
configure:8377: result: yes
configure:8377: checking for strings.h
configure:8377: gcc -c -O2 -DNDEBUG  conftest.c >&5
configure:8377: $? = 0
configure:8377: result: yes
configure:8377: checking for inttypes.h
configure:8377: gcc -c -O2 -DNDEBUG  conftest.c >&5
configure:8377: $? = 0
configure:8377: result: yes
configure:8377: checking for stdint.h
configure:8377: gcc -c -O2 -DNDEBUG  conftest.c >&5
configure:8377: $? = 0
configure:8377: result: yes
configure:8377: checking for unistd.h
configure:8377: gcc -c -O2 -DNDEBUG  conftest.c >&5
configure:8377: $? = 0
configure:8377: result: yes
configure:8391: checking for dlfcn.h
configure:8391: gcc -c -O2 -DNDEBUG  conftest.c >&5
configure:8391: $? = 0
configure:8391: result: yes
configure:8607: checking for objdir
configure:8622: result: .libs
configure:8893: checking if gcc supports -fno-rtti -fno-exceptions
configure:8911: gcc -c -O2 -DNDEBUG  -fno-rtti -fno-exceptions conftest.c >&5
cc1: warning: command line option '-fno-rtti' is valid for C++/ObjC++ but not for C [enabled by default]
configure:8915: $? = 0
configure:8928: result: no
configure:9255: checking for gcc option to produce PIC
configure:9262: result: -fPIC -DPIC
configure:9270: checking if gcc PIC flag -fPIC -DPIC works
configure:9288: gcc -c -O2 -DNDEBUG  -fPIC -DPIC -DPIC conftest.c >&5
configure:9292: $? = 0
configure:9305: result: yes
configure:9334: checking if gcc static flag -static works
configure:9362: result: yes
configure:9377: checking if gcc supports -c -o file.o
configure:9398: gcc -c -O2 -DNDEBUG  -o out/conftest2.o conftest.c >&5
configure:9402: $? = 0
configure:9424: result: yes
configure:9432: checking if gcc supports -c -o file.o
configure:9479: result: yes
configure:9512: checking whether the gcc linker (/usr/bin/ld -m elf_x86_64) supports shared libraries
configure:10669: result: yes
configure:10706: checking whether -lc should be explicitly linked in
configure:10714: gcc -c -O2 -DNDEBUG  conftest.c >&5
configure:10717: $? = 0
configure:10732: gcc -shared  -fPIC -DPIC conftest.o  -v -Wl,-soname -Wl,conftest -o conftest 2\>\&1 \| /bin/grep  -lc  \>/dev/null 2\>\&1
configure:10735: $? = 0
configure:10749: result: no
configure:10909: checking dynamic linker characteristics
configure:11420: gcc -o conftest -O2 -DNDEBUG   -Wl,-rpath -Wl,/foo conftest.c  >&5
configure:11420: $? = 0
configure:11654: result: GNU/Linux ld.so
configure:11761: checking how to hardcode library paths into programs
configure:11786: result: immediate
configure:12326: checking whether stripping libraries is possible
configure:12331: result: yes
configure:12366: checking if libtool supports shared libraries
configure:12368: result: yes
configure:12371: checking whether to build shared libraries
configure:12392: result: yes
configure:12395: checking whether to build static libraries
configure:12399: result: yes
configure:12422: checking how to run the C++ preprocessor
configure:12449: g++ -std=c++11 -E  conftest.cpp
configure:12449: $? = 0
configure:12463: g++ -std=c++11 -E  conftest.cpp
conftest.cpp:24:28: fatal error: ac_nonexistent.h: No such file or directory
compilation terminated.
configure:12463: $? = 1
configure: failed program was:
| /* confdefs.h */
| #define PACKAGE_NAME "Capn Proto"
| #define PACKAGE_TARNAME "capnproto-c++"
| #define PACKAGE_VERSION "0.2-dev"
| #define PACKAGE_STRING "Capn Proto 0.2-dev"
| #define PACKAGE_BUGREPORT "capnproto@googlegroups.com"
| #define PACKAGE_URL ""
| #define PACKAGE "capnproto-c++"
| #define VERSION "0.2-dev"
| #define HAVE_PTHREAD 1
| #define STDC_HEADERS 1
| #define HAVE_SYS_TYPES_H 1
| #define HAVE_SYS_STAT_H 1
| #define HAVE_STDLIB_H 1
| #define HAVE_STRING_H 1
| #define HAVE_MEMORY_H 1
| #define HAVE_STRINGS_H 1
| #define HAVE_INTTYPES_H 1
| #define HAVE_STDINT_H 1
| #define HAVE_UNISTD_H 1
| #define HAVE_DLFCN_H 1
| #define LT_OBJDIR ".libs/"
| /* end confdefs.h.  */
| #include <ac_nonexistent.h>
configure:12488: result: g++ -std=c++11 -E
configure:12508: g++ -std=c++11 -E  conftest.cpp
configure:12508: $? = 0
configure:12522: g++ -std=c++11 -E  conftest.cpp
conftest.cpp:24:28: fatal error: ac_nonexistent.h: No such file or directory
compilation terminated.
configure:12522: $? = 1
configure: failed program was:
| /* confdefs.h */
| #define PACKAGE_NAME "Capn Proto"
| #define PACKAGE_TARNAME "capnproto-c++"
| #define PACKAGE_VERSION "0.2-dev"
| #define PACKAGE_STRING "Capn Proto 0.2-dev"
| #define PACKAGE_BUGREPORT "capnproto@googlegroups.com"
| #define PACKAGE_URL ""
| #define PACKAGE "capnproto-c++"
| #define VERSION "0.2-dev"
| #define HAVE_PTHREAD 1
| #define STDC_HEADERS 1
| #define HAVE_SYS_TYPES_H 1
| #define HAVE_SYS_STAT_H 1
| #define HAVE_STDLIB_H 1
| #define HAVE_STRING_H 1
| #define HAVE_MEMORY_H 1
| #define HAVE_STRINGS_H 1
| #define HAVE_INTTYPES_H 1
| #define HAVE_STDINT_H 1
| #define HAVE_UNISTD_H 1
| #define HAVE_DLFCN_H 1
| #define LT_OBJDIR ".libs/"
| /* end confdefs.h.  */
| #include <ac_nonexistent.h>
configure:12691: checking for ld used by g++ -std=c++11
configure:12758: result: /usr/bin/ld -m elf_x86_64
configure:12765: checking if the linker (/usr/bin/ld -m elf_x86_64) is GNU ld
configure:12780: result: yes
configure:12835: checking whether the g++ -std=c++11 linker (/usr/bin/ld -m elf_x86_64) supports shared libraries
configure:13840: result: yes
configure:13876: g++ -std=c++11 -c -O2 -DNDEBUG  conftest.cpp >&5
configure:13879: $? = 0
configure:14399: checking for g++ -std=c++11 option to produce PIC
configure:14406: result: -fPIC -DPIC
configure:14414: checking if g++ -std=c++11 PIC flag -fPIC -DPIC works
configure:14432: g++ -std=c++11 -c -O2 -DNDEBUG  -fPIC -DPIC -DPIC conftest.cpp >&5
configure:14436: $? = 0
configure:14449: result: yes
configure:14472: checking if g++ -std=c++11 static flag -static works
configure:14500: result: yes
configure:14512: checking if g++ -std=c++11 supports -c -o file.o
configure:14533: g++ -std=c++11 -c -O2 -DNDEBUG  -o out/conftest2.o conftest.cpp >&5
configure:14537: $? = 0
configure:14559: result: yes
configure:14564: checking if g++ -std=c++11 supports -c -o file.o
configure:14611: result: yes
configure:14641: checking whether the g++ -std=c++11 linker (/usr/bin/ld -m elf_x86_64) supports shared libraries
configure:14680: result: yes
configure:14821: checking dynamic linker characteristics
configure:15500: result: GNU/Linux ld.so
configure:15553: checking how to hardcode library paths into programs
configure:15578: result: immediate
configure:15788: creating ./config.status

## ---------------------- ##
## Running config.status. ##
## ---------------------- ##

This file was extended by Capn Proto config.status 0.2-dev, which was
generated by GNU Autoconf 2.69.  Invocation command line was

  CONFIG_FILES    = 
  CONFIG_HEADERS  = 
  CONFIG_LINKS    = 
  CONFIG_COMMANDS = 
  $ ./config.status 

on alek

config.status:1146: creating Makefile
config.status:1146: creating config.h
config.status:1327: config.h is unchanged
config.status:1375: executing depfiles commands
config.status:1375: executing libtool commands
configure:18345: === configuring in gtest (/home/alek/capnproto/c++/gtest)
configure:18408: running /bin/bash ./configure --disable-option-checking '--prefix=/usr/local'  'CXX=g++ -std=c++11' --cache-file=/dev/null --srcdir=.

## ---------------- ##
## Cache variables. ##
## ---------------- ##

ac_cv_build=x86_64-unknown-linux-gnu
ac_cv_c_compiler_gnu=yes
ac_cv_cxx_compiler_gnu=yes
ac_cv_env_CCC_set=
ac_cv_env_CCC_value=
ac_cv_env_CC_set=
ac_cv_env_CC_value=
ac_cv_env_CFLAGS_set=
ac_cv_env_CFLAGS_value=
ac_cv_env_CPPFLAGS_set=
ac_cv_env_CPPFLAGS_value=
ac_cv_env_CPP_set=
ac_cv_env_CPP_value=
ac_cv_env_CXXCPP_set=
ac_cv_env_CXXCPP_value=
ac_cv_env_CXXFLAGS_set=
ac_cv_env_CXXFLAGS_value=
ac_cv_env_CXX_set=
ac_cv_env_CXX_value=
ac_cv_env_LDFLAGS_set=
ac_cv_env_LDFLAGS_value=
ac_cv_env_LIBS_set=
ac_cv_env_LIBS_value=
ac_cv_env_build_alias_set=
ac_cv_env_build_alias_value=
ac_cv_env_host_alias_set=
ac_cv_env_host_alias_value=
ac_cv_env_target_alias_set=
ac_cv_env_target_alias_value=
ac_cv_header_dlfcn_h=yes
ac_cv_header_inttypes_h=yes
ac_cv_header_memory_h=yes
ac_cv_header_stdc=yes
ac_cv_header_stdint_h=yes
ac_cv_header_stdlib_h=yes
ac_cv_header_string_h=yes
ac_cv_header_strings_h=yes
ac_cv_header_sys_stat_h=yes
ac_cv_header_sys_types_h=yes
ac_cv_header_unistd_h=yes
ac_cv_host=x86_64-unknown-linux-gnu
ac_cv_objext=o
ac_cv_path_EGREP='/bin/grep -E'
ac_cv_path_FGREP='/bin/grep -F'
ac_cv_path_GREP=/bin/grep
ac_cv_path_SED=/bin/sed
ac_cv_path_install='/usr/bin/install -c'
ac_cv_path_mkdir=/bin/mkdir
ac_cv_prog_AWK=mawk
ac_cv_prog_CPP='gcc -E'
ac_cv_prog_CXXCPP='g++ -std=c++11 -E'
ac_cv_prog_ac_ct_AR=ar
ac_cv_prog_ac_ct_CC=gcc
ac_cv_prog_ac_ct_CXX=g++
ac_cv_prog_ac_ct_MANIFEST_TOOL=mt
ac_cv_prog_ac_ct_OBJDUMP=objdump
ac_cv_prog_ac_ct_RANLIB=ranlib
ac_cv_prog_ac_ct_STRIP=strip
ac_cv_prog_cc_c89=
ac_cv_prog_cc_g=yes
ac_cv_prog_cxx_g=yes
ac_cv_prog_make_make_set=yes
am_cv_CC_dependencies_compiler_type=gcc3
am_cv_CXX_dependencies_compiler_type=gcc3
ax_cv_cxx_compile_cxx11=no
ax_cv_cxx_compile_cxx11__std_cpp11=yes
ax_cv_cxx_compile_cxx11_lib=yes
lt_cv_ar_at_file=@
lt_cv_archive_cmds_need_lc=no
lt_cv_deplibs_check_method=pass_all
lt_cv_file_magic_cmd='$MAGIC_CMD'
lt_cv_file_magic_test_file=
lt_cv_ld_reload_flag=-r
lt_cv_nm_interface='BSD nm'
lt_cv_objdir=.libs
lt_cv_path_LD=/usr/bin/ld
lt_cv_path_LDCXX='/usr/bin/ld -m elf_x86_64'
lt_cv_path_NM='/usr/bin/nm -B'
lt_cv_path_mainfest_tool=no
lt_cv_prog_compiler_c_o=yes
lt_cv_prog_compiler_c_o_CXX=yes
lt_cv_prog_compiler_pic='-fPIC -DPIC'
lt_cv_prog_compiler_pic_CXX='-fPIC -DPIC'
lt_cv_prog_compiler_pic_works=yes
lt_cv_prog_compiler_pic_works_CXX=yes
lt_cv_prog_compiler_rtti_exceptions=no
lt_cv_prog_compiler_static_works=yes
lt_cv_prog_compiler_static_works_CXX=yes
lt_cv_prog_gnu_ld=yes
lt_cv_prog_gnu_ldcxx=yes
lt_cv_sharedlib_from_linklib_cmd='printf %s\n'
lt_cv_shlibpath_overrides_runpath=no
lt_cv_sys_global_symbol_pipe='sed -n -e '\''s/^.*[	 ]\([ABCDGIRSTW][ABCDGIRSTW]*\)[	 ][	 ]*\([_A-Za-z][_A-Za-z0-9]*\)$/\1 \2 \2/p'\'' | sed '\''/ __gnu_lto/d'\'''
lt_cv_sys_global_symbol_to_c_name_address='sed -n -e '\''s/^: \([^ ]*\)[ ]*$/  {\"\1\", (void *) 0},/p'\'' -e '\''s/^[ABCDGIRSTW]* \([^ ]*\) \([^ ]*\)$/  {"\2", (void *) \&\2},/p'\'''
lt_cv_sys_global_symbol_to_c_name_address_lib_prefix='sed -n -e '\''s/^: \([^ ]*\)[ ]*$/  {\"\1\", (void *) 0},/p'\'' -e '\''s/^[ABCDGIRSTW]* \([^ ]*\) \(lib[^ ]*\)$/  {"\2", (void *) \&\2},/p'\'' -e '\''s/^[ABCDGIRSTW]* \([^ ]*\) \([^ ]*\)$/  {"lib\2", (void *) \&\2},/p'\'''
lt_cv_sys_global_symbol_to_cdecl='sed -n -e '\''s/^T .* \(.*\)$/extern int \1();/p'\'' -e '\''s/^[ABCDGIRSTW]* .* \(.*\)$/extern char \1;/p'\'''
lt_cv_sys_max_cmd_len=1572864
lt_cv_to_host_file_cmd=func_convert_file_noop
lt_cv_to_tool_file_cmd=func_convert_file_noop

## ----------------- ##
## Output variables. ##
## ----------------- ##

ACLOCAL='${SHELL} /home/alek/capnproto/c++/build-aux/missing --run aclocal-1.11'
AMDEPBACKSLASH='\'
AMDEP_FALSE='#'
AMDEP_TRUE=''
AMTAR='$${TAR-tar}'
AR='ar'
AUTOCONF='${SHELL} /home/alek/capnproto/c++/build-aux/missing --run autoconf'
AUTOHEADER='${SHELL} /home/alek/capnproto/c++/build-aux/missing --run autoheader'
AUTOMAKE='${SHELL} /home/alek/capnproto/c++/build-aux/missing --run automake-1.11'
AWK='mawk'
CAPNPC='capnpc'
CC='gcc'
CCDEPMODE='depmode=gcc3'
CFLAGS='-O2 -DNDEBUG'
CPP='gcc -E'
CPPFLAGS=''
CXX='g++ -std=c++11'
CXXCPP='g++ -std=c++11 -E'
CXXDEPMODE='depmode=gcc3'
CXXFLAGS='-O2 -DNDEBUG -pthread'
CYGPATH_W='echo'
DEFS='-DHAVE_CONFIG_H'
DEPDIR='.deps'
DLLTOOL='false'
DSYMUTIL=''
DUMPBIN=''
ECHO_C=''
ECHO_N='-n'
ECHO_T=''
EGREP='/bin/grep -E'
EXEEXT=''
FGREP='/bin/grep -F'
GREP='/bin/grep'
INSTALL_DATA='${INSTALL} -m 644'
INSTALL_PROGRAM='${INSTALL}'
INSTALL_SCRIPT='${INSTALL}'
INSTALL_STRIP_PROGRAM='$(install_sh) -c -s'
LD='/usr/bin/ld -m elf_x86_64'
LDFLAGS=''
LIBOBJS=''
LIBS=' '
LIBTOOL='$(SHELL) $(top_builddir)/libtool'
LIPO=''
LN_S='ln -s'
LTLIBOBJS=''
MAKEINFO='${SHELL} /home/alek/capnproto/c++/build-aux/missing --run makeinfo'
MANIFEST_TOOL=':'
MKDIR_P='/bin/mkdir -p'
NM='/usr/bin/nm -B'
NMEDIT=''
OBJDUMP='objdump'
OBJEXT='o'
OTOOL64=''
OTOOL=''
PACKAGE='capnproto-c++'
PACKAGE_BUGREPORT='capnproto@googlegroups.com'
PACKAGE_NAME='Capn Proto'
PACKAGE_STRING='Capn Proto 0.2-dev'
PACKAGE_TARNAME='capnproto-c++'
PACKAGE_URL=''
PACKAGE_VERSION='0.2-dev'
PATH_SEPARATOR=':'
PTHREAD_CC='gcc'
PTHREAD_CFLAGS='-pthread'
PTHREAD_LIBS=''
RANLIB='ranlib'
SED='/bin/sed'
SET_MAKE=''
SHELL='/bin/bash'
STRIP='strip'
VERSION='0.2-dev'
ac_ct_AR='ar'
ac_ct_CC='gcc'
ac_ct_CXX='g++'
ac_ct_DUMPBIN=''
acx_pthread_config=''
am__EXEEXT_FALSE=''
am__EXEEXT_TRUE='#'
am__fastdepCC_FALSE='#'
am__fastdepCC_TRUE=''
am__fastdepCXX_FALSE='#'
am__fastdepCXX_TRUE=''
am__include='include'
am__isrc=''
am__leading_dot='.'
am__nodep='_no'
am__quote=''
am__tar='$${TAR-tar} chof - "$$tardir"'
am__untar='$${TAR-tar} xf -'
bindir='${exec_prefix}/bin'
build='x86_64-unknown-linux-gnu'
build_alias=''
build_cpu='x86_64'
build_os='linux-gnu'
build_vendor='unknown'
datadir='${datarootdir}'
datarootdir='${prefix}/share'
docdir='${datarootdir}/doc/${PACKAGE_TARNAME}'
dvidir='${docdir}'
exec_prefix='${prefix}'
host='x86_64-unknown-linux-gnu'
host_alias=''
host_cpu='x86_64'
host_os='linux-gnu'
host_vendor='unknown'
htmldir='${docdir}'
includedir='${prefix}/include'
infodir='${datarootdir}/info'
install_sh='${SHELL} /home/alek/capnproto/c++/build-aux/install-sh'
libdir='${exec_prefix}/lib'
libexecdir='${exec_prefix}/libexec'
localedir='${datarootdir}/locale'
localstatedir='${prefix}/var'
mandir='${datarootdir}/man'
mkdir_p='/bin/mkdir -p'
oldincludedir='/usr/include'
pdfdir='${docdir}'
prefix='/usr/local'
program_transform_name='s,x,x,'
psdir='${docdir}'
sbindir='${exec_prefix}/sbin'
sharedstatedir='${prefix}/com'
subdirs=' gtest'
sysconfdir='${prefix}/etc'
target_alias=''

## ----------- ##
## confdefs.h. ##
## ----------- ##

/* confdefs.h */
#define PACKAGE_NAME "Capn Proto"
#define PACKAGE_TARNAME "capnproto-c++"
#define PACKAGE_VERSION "0.2-dev"
#define PACKAGE_STRING "Capn Proto 0.2-dev"
#define PACKAGE_BUGREPORT "capnproto@googlegroups.com"
#define PACKAGE_URL ""
#define PACKAGE "capnproto-c++"
#define VERSION "0.2-dev"
#define HAVE_PTHREAD 1
#define STDC_HEADERS 1
#define HAVE_SYS_TYPES_H 1
#define HAVE_SYS_STAT_H 1
#define HAVE_STDLIB_H 1
#define HAVE_STRING_H 1
#define HAVE_MEMORY_H 1
#define HAVE_STRINGS_H 1
#define HAVE_INTTYPES_H 1
#define HAVE_STDINT_H 1
#define HAVE_UNISTD_H 1
#define HAVE_DLFCN_H 1
#define LT_OBJDIR ".libs/"

configure: exit 0
